 Image eye-php-fpm Building 
 Image eye-node Building 
#1 [internal] load local bake definitions
#1 reading from stdin 1.42kB done
#1 DONE 0.0s

#2 [internal] load build definition from Dockerfile
#2 transferring dockerfile: 1.60kB done
#2 DONE 0.0s

#3 [internal] load metadata for docker.io/library/node:20-alpine
#3 DONE 0.0s

#4 [internal] load .dockerignore
#4 transferring context: 171B done
#4 DONE 0.0s

#5 [deps 1/4] FROM docker.io/library/node:20-alpine@sha256:fb4cd12c85ee03686f6af5362a0b0d56d50c58a04632e6c0fb8363f609372293
#5 resolve docker.io/library/node:20-alpine@sha256:fb4cd12c85ee03686f6af5362a0b0d56d50c58a04632e6c0fb8363f609372293 0.0s done
#5 DONE 0.0s

#6 [internal] load build context
#6 transferring context: 11.22kB 0.0s done
#6 DONE 0.0s

#7 [builder 3/6] COPY --from=deps /app/node_modules ./node_modules
#7 CACHED

#8 [builder 4/6] COPY package.json ./
#8 CACHED

#9 [deps 3/4] COPY package.json package-lock.json* ./
#9 CACHED

#10 [deps 4/4] RUN npm ci --prefer-offline
#10 CACHED

#11 [deps 2/4] WORKDIR /app
#11 CACHED

#12 [builder 5/6] COPY . .
#12 CACHED

#13 [builder 6/6] RUN npm run build -- --no-lint
#13 1.679 
#13 1.679 > frontend@0.1.0 build
#13 1.679 > next build --no-lint
#13 1.679 
#13 2.904  ⚠ Linting is disabled.
#13 3.219   ▲ Next.js 14.2.35
#13 3.221 
#13 3.268    Creating an optimized production build ...
